<?xml version="1.0" encoding="UTF-8"?>
<testsuite name="ambuja.AppTest" tests="1" skipped="0" failures="0" errors="0" timestamp="2023-08-15T06:02:29" hostname="DESKTOP-LQ4N8R2" time="0.019">
  <properties/>
  <testcase name="appHasAGreeting()" classname="ambuja.AppTest" time="0.019"/>
  <system-out><![CDATA[]]></system-out>
  <system-err><![CDATA[]]></system-err>
</testsuite>
